# JRE version: OpenJDK Runtime Environment (17.0.19+10) (build 17.0.19+10-1-24.04.2-Ubuntu)
# Java VM: OpenJDK 64-Bit Server VM (17.0.19+10-1-24.04.2-Ubuntu, mixed mode, sharing, tiered, compressed oops, compressed class ptrs, g1 gc, linux-amd64)
GC Precious Log:
 CPUs: 8 total, 8 available
 Memory: 11796M
 Large Page Support: Disabled
 NUMA Support: Disabled
 Compressed Oops: Enabled (Zero based)
 Heap Region Size: 2M
 Heap Min Capacity: 8M
 Heap Initial Capacity: 186M
 Heap Max Capacity: 2950M
 Pre-touch: Disabled
 Parallel Workers: 8
 Concurrent Workers: 2
 Concurrent Refinement Workers: 8
 Periodic GC: Disabled
Heap:
 garbage-first heap   total 110592K, used 45421K [0x0000000747a00000, 0x0000000800000000)
  region size 2048K, 12 young (24576K), 3 survivors (6144K)
 Metaspace       used 45940K, committed 46336K, reserved 1114112K
  class space    used 6397K, committed 6592K, reserved 1048576K
GC Heap History (20 events):
Event: 0.535 GC heap before
{Heap before GC invocations=1 (full 0):
 garbage-first heap   total 194560K, used 29841K [0x0000000747a00000, 0x0000000800000000)
  region size 2048K, 10 young (20480K), 2 survivors (4096K)
 Metaspace       used 5904K, committed 6080K, reserved 1114112K
  class space    used 609K, committed 704K, reserved 1048576K
}
Event: 0.538 GC heap after
{Heap after GC invocations=2 (full 0):
 garbage-first heap   total 194560K, used 13663K [0x0000000747a00000, 0x0000000800000000)
  region size 2048K, 1 young (2048K), 1 survivors (2048K)
 Metaspace       used 5904K, committed 6080K, reserved 1114112K
  class space    used 609K, committed 704K, reserved 1048576K
}
Event: 1.097 GC heap before
{Heap before GC invocations=2 (full 0):
 garbage-first heap   total 194560K, used 73055K [0x0000000747a00000, 0x0000000800000000)
  region size 2048K, 30 young (61440K), 1 survivors (2048K)
 Metaspace       used 12292K, committed 12544K, reserved 1114112K
  class space    used 1447K, committed 1600K, reserved 1048576K
}
Event: 1.100 GC heap after
{Heap after GC invocations=3 (full 0):
 garbage-first heap   total 194560K, used 15378K [0x0000000747a00000, 0x0000000800000000)
  region size 2048K, 2 young (4096K), 2 survivors (4096K)
 Metaspace       used 12292K, committed 12544K, reserved 1114112K
  class space    used 1447K, committed 1600K, reserved 1048576K
}
Event: 1.674 GC heap before
{Heap before GC invocations=3 (full 0):
 garbage-first heap   total 194560K, used 113682K [0x0000000747a00000, 0x0000000800000000)
  region size 2048K, 51 young (104448K), 2 survivors (4096K)
 Metaspace       used 21212K, committed 21504K, reserved 1114112K
  class space    used 2636K, committed 2816K, reserved 1048576K
}
Event: 1.678 GC heap after
{Heap after GC invocations=4 (full 0):
 garbage-first heap   total 194560K, used 17993K [0x0000000747a00000, 0x0000000800000000)
  region size 2048K, 3 young (6144K), 3 survivors (6144K)
 Metaspace       used 21212K, committed 21504K, reserved 1114112K
  class space    used 2636K, committed 2816K, reserved 1048576K
}
Event: 1.942 GC heap before
{Heap before GC invocations=5 (full 0):
 garbage-first heap   total 81920K, used 63049K [0x0000000747a00000, 0x0000000800000000)
  region size 2048K, 26 young (53248K), 3 survivors (6144K)
 Metaspace       used 24236K, committed 24512K, reserved 1114112K
  class space    used 3074K, committed 3200K, reserved 1048576K
}
Event: 1.947 GC heap after
{Heap after GC invocations=6 (full 0):
 garbage-first heap   total 81920K, used 21395K [0x0000000747a00000, 0x0000000800000000)
  region size 2048K, 5 young (10240K), 5 survivors (10240K)
 Metaspace       used 24236K, committed 24512K, reserved 1114112K
  class space    used 3074K, committed 3200K, reserved 1048576K
}
Event: 1.973 GC heap before
{Heap before GC invocations=6 (full 0):
 garbage-first heap   total 81920K, used 23443K [0x0000000747a00000, 0x0000000800000000)
  region size 2048K, 6 young (12288K), 5 survivors (10240K)
 Metaspace       used 24281K, committed 24576K, reserved 1114112K
  class space    used 3079K, committed 3200K, reserved 1048576K
}
Event: 1.979 GC heap after
{Heap after GC invocations=7 (full 0):
 garbage-first heap   total 81920K, used 22166K [0x0000000747a00000, 0x0000000800000000)
  region size 2048K, 1 young (2048K), 1 survivors (2048K)
 Metaspace       used 24281K, committed 24576K, reserved 1114112K
  class space    used 3079K, committed 3200K, reserved 1048576K
}
Event: 2.282 GC heap before
{Heap before GC invocations=7 (full 0):
 garbage-first heap   total 81920K, used 54934K [0x0000000747a00000, 0x0000000800000000)
  region size 2048K, 17 young (34816K), 1 survivors (2048K)
 Metaspace       used 26330K, committed 26688K, reserved 1114112K
  class space    used 3340K, committed 3520K, reserved 1048576K
}
Event: 2.285 GC heap after
{Heap after GC invocations=8 (full 0):
 garbage-first heap   total 135168K, used 22445K [0x0000000747a00000, 0x0000000800000000)
  region size 2048K, 1 young (2048K), 1 survivors (2048K)
 Metaspace       used 26330K, committed 26688K, reserved 1114112K
  class space    used 3340K, committed 3520K, reserved 1048576K
}
Event: 3.069 GC heap before
{Heap before GC invocations=8 (full 0):
 garbage-first heap   total 135168K, used 100269K [0x0000000747a00000, 0x0000000800000000)
  region size 2048K, 39 young (79872K), 1 survivors (2048K)
 Metaspace       used 32783K, committed 33088K, reserved 1114112K
  class space    used 4472K, committed 4608K, reserved 1048576K
}
Event: 3.072 GC heap after
{Heap after GC invocations=9 (full 0):
 garbage-first heap   total 135168K, used 23910K [0x0000000747a00000, 0x0000000800000000)
  region size 2048K, 2 young (4096K), 2 survivors (4096K)
 Metaspace       used 32783K, committed 33088K, reserved 1114112K
  class space    used 4472K, committed 4608K, reserved 1048576K
}
Event: 3.573 GC heap before
{Heap before GC invocations=9 (full 0):
 garbage-first heap   total 135168K, used 64870K [0x0000000747a00000, 0x0000000800000000)
  region size 2048K, 23 young (47104K), 2 survivors (4096K)
 Metaspace       used 35787K, committed 36096K, reserved 1114112K
  class space    used 4871K, committed 4992K, reserved 1048576K
}
Event: 3.576 GC heap after
{Heap after GC invocations=10 (full 0):
 garbage-first heap   total 135168K, used 25665K [0x0000000747a00000, 0x0000000800000000)
  region size 2048K, 3 young (6144K), 3 survivors (6144K)
 Metaspace       used 35787K, committed 36096K, reserved 1114112K
  class space    used 4871K, committed 4992K, reserved 1048576K
}
Event: 4.039 GC heap before
{Heap before GC invocations=11 (full 0):
 garbage-first heap   total 110592K, used 85057K [0x0000000747a00000, 0x0000000800000000)
  region size 2048K, 32 young (65536K), 3 survivors (6144K)
 Metaspace       used 39758K, committed 40128K, reserved 1114112K
  class space    used 5505K, committed 5696K, reserved 1048576K
}
Event: 4.045 GC heap after
{Heap after GC invocations=12 (full 0):
 garbage-first heap   total 110592K, used 27200K [0x0000000747a00000, 0x0000000800000000)
  region size 2048K, 3 young (6144K), 3 survivors (6144K)
 Metaspace       used 39758K, committed 40128K, reserved 1114112K
  class space    used 5505K, committed 5696K, reserved 1048576K
}
Event: 4.442 GC heap before
{Heap before GC invocations=12 (full 0):
 garbage-first heap   total 110592K, used 82496K [0x0000000747a00000, 0x0000000800000000)
  region size 2048K, 30 young (61440K), 3 survivors (6144K)
 Metaspace       used 44387K, committed 44736K, reserved 1114112K
  class space    used 6199K, committed 6400K, reserved 1048576K
}
Event: 4.448 GC heap after
{Heap after GC invocations=13 (full 0):
 garbage-first heap   total 110592K, used 29037K [0x0000000747a00000, 0x0000000800000000)
  region size 2048K, 3 young (6144K), 3 survivors (6144K)
 Metaspace       used 44387K, committed 44736K, reserved 1114112K
  class space    used 6199K, committed 6400K, reserved 1048576K
}

